[01:44:06] [ServerMain/INFO]: Environment: Environment[sessionHost=https://sessionserver.mojang.com, servicesHost=https://api.minecraftservices.com, name=PROD]
[01:44:11] [ServerMain/INFO]: Loaded 1290 recipes
[01:44:11] [ServerMain/INFO]: Loaded 1399 advancements
[01:44:12] [Server thread/INFO]: Starting minecraft server version 1.21
[01:44:12] [Server thread/INFO]: Loading properties
[01:44:12] [Server thread/INFO]: Default game type: SURVIVAL
[01:44:12] [Server thread/INFO]: Generating keypair
[01:44:13] [Server thread/INFO]: Starting Minecraft server on *:25565
[01:44:13] [Server thread/INFO]: Using epoll channel type
[01:44:13] [Server thread/WARN]: **** SERVER IS RUNNING IN OFFLINE/INSECURE MODE!
[01:44:13] [Server thread/WARN]: The server will make no attempt to authenticate usernames. Beware.
[01:44:13] [Server thread/WARN]: While this makes the game possible to play without internet access, it also opens up the ability for hackers to connect with any username they choose.
[01:44:13] [Server thread/WARN]: To change this, set "online-mode" to "true" in the server.properties file.
[01:44:13] [Server thread/INFO]: Preparing level "world"
[01:44:22] [Server thread/INFO]: Preparing start region for dimension minecraft:overworld
[01:44:23] [Worker-Main-1/INFO]: Preparing spawn area: 0%
[01:44:23] [Worker-Main-1/INFO]: Preparing spawn area: 0%
[01:44:24] [Worker-Main-1/INFO]: Preparing spawn area: 2%
[01:44:24] [Worker-Main-1/INFO]: Preparing spawn area: 14%
[01:44:24] [Worker-Main-1/INFO]: Preparing spawn area: 57%
[01:44:25] [Server thread/INFO]: Time elapsed: 2181 ms
[01:44:25] [Server thread/INFO]: Done (11.401s)! For help, type "help"
[01:44:34] [Server thread/INFO]: P0C0Y00[/[0:0:0:0:0:0:0:1%0]:33966] logged in with entity id 66 at (83.18302953899865, 72.875, -17.794067059135582)
[01:44:34] [Server thread/INFO]: P0C0Y00 joined the game
[02:02:12] [Server thread/INFO]: P0C0Y00 has made the advancement [Suit Up]
[02:02:25] [Server thread/INFO]: P0C0Y00 has made the advancement [Isn't It Iron Pick]
[02:07:44] [Server thread/INFO]: P0C0Y00 has made the advancement [Not Today, Thank You]
[02:07:51] [Server thread/INFO]: P0C0Y00 has made the advancement [Monster Hunter]
[02:08:34] [Server thread/INFO]: T0m4slonko[/[0:0:0:0:0:0:0:1%0]:53332] logged in with entity id 8459 at (77.5, 72.0, -23.5)
[02:08:34] [Server thread/INFO]: T0m4slonko joined the game
[02:08:59] [Server thread/INFO]: [Not Secure] <P0C0Y00> wena
[02:24:15] [Server thread/WARN]: P0C0Y00 was kicked for floating too long!
[02:24:15] [Server thread/INFO]: P0C0Y00 lost connection: Flying is not enabled on this server
[02:24:15] [Server thread/INFO]: P0C0Y00 left the game
[02:24:15] [Server thread/WARN]: handleDisconnection() called twice
[02:24:45] [Server thread/INFO]: P0C0Y00[/[0:0:0:0:0:0:0:1%0]:46396] logged in with entity id 11624 at (66.00624814286707, 73.00133597911214, -15.778771448530748)
[02:24:45] [Server thread/INFO]: P0C0Y00 joined the game
[02:26:01] [Server thread/INFO]: T0m4slonko has made the advancement [Stone Age]
[02:31:36] [Server thread/INFO]: T0m4slonko lost connection: Timed out
[02:31:36] [Server thread/INFO]: T0m4slonko left the game
[02:32:00] [Server thread/INFO]: P0C0Y00 lost connection: Timed out
[02:32:00] [Server thread/INFO]: P0C0Y00 left the game
[02:35:10] [Server thread/INFO]: P0C0Y00[/[0:0:0:0:0:0:0:1%0]:49058] logged in with entity id 12686 at (66.88899060733736, 72.0, -10.826856257261166)
[02:35:10] [Server thread/INFO]: P0C0Y00 joined the game
[02:37:44] [Server thread/INFO]: T0m4slonko[/[0:0:0:0:0:0:0:1%0]:32918] logged in with entity id 13410 at (66.27069429013342, 72.0, -14.24600008385568)
[02:37:44] [Server thread/INFO]: T0m4slonko joined the game
[02:38:06] [Server thread/INFO]: Set the weather to clear
[02:39:14] [Server thread/INFO]: T0m4slonko has made the advancement [Getting an Upgrade]
[02:39:29] [Server thread/INFO]: T0m4slonko has made the advancement [Monster Hunter]
[02:39:47] [Server thread/INFO]: T0m4slonko has made the advancement [Sweet Dreams]
[02:42:07] [Server thread/INFO]: GEVVVV[/[0:0:0:0:0:0:0:1%0]:54702] logged in with entity id 14227 at (73.60885238737016, 73.0, -103.06225002116574)
[02:42:07] [Server thread/INFO]: GEVVVV joined the game
[02:45:43] [Server thread/INFO]: GEVVVV has made the advancement [Isn't It Iron Pick]
[02:50:25] [Server thread/INFO]: T0m4slonko has made the advancement [Not Today, Thank You]
[02:59:03] [Server thread/INFO]: GEVVVV has made the advancement [Acquire Hardware]
[02:59:12] [Server thread/INFO]: GEVVVV has made the advancement [Suit Up]
[03:00:08] [Server thread/INFO]: T0m4slonko has made the advancement [Suit Up]
[03:05:29] [Server thread/INFO]: P0C0Y00 has made the advancement [Diamonds!]
[03:06:21] [Server thread/INFO]: GEVVVV has made the advancement [Diamonds!]
[03:10:51] [Server thread/INFO]: T0m4slonko has made the advancement [Take Aim]
[03:14:19] [Server thread/INFO]: T0m4slonko has made the advancement [Isn't It Iron Pick]
[03:16:05] [Server thread/INFO]: T0m4slonko has made the advancement [Diamonds!]
[03:24:43] [Server thread/INFO]: P0C0Y00 has made the advancement [Take Aim]
[03:36:49] [Server thread/INFO]: GEVVVV has made the advancement [Sweet Dreams]
